<?xml version="1.0" encoding="UTF-8"?>
<testsuite xmlns:xsi="http://www.w3.org/2001/XMLSchema-instance" xsi:noNamespaceSchemaLocation="https://maven.apache.org/surefire/maven-surefire-plugin/xsd/surefire-test-report.xsd" version="3.0.2" name="org.kie.local.KieRuntimeTest" time="3.042" tests="2" errors="0" skipped="0" failures="0">
  <properties>
[...]
</properties>
  <testcase name="helloProcessCanBeStarted" classname="org.kie.local.KieRuntimeTest" time="1.639">
    <system-out><![CDATA[2026-07-27 09:46:39.845|WARN||io.quarkus.arc.deployment.SplitPackageProcessor|Detected a split package usage which is considered a bad practice and should be avoided. Following packages were detected in multiple archives: 
- "org.kie.kogito.decision" found in [org.kie.kogito:kogito-api:10.2.0, org.kie.kogito:kogito-dmn:10.2.0]
2026-07-27 09:46:39.958|INFO||org.kie.kogito.codegen.api.utils.AddonsConfigDiscovery|Performed addonsConfig discovery, found: AddonsConfig{usePersistence=false, useTracing=false, useMonitoring=false, usePrometheusMonitoring=false, useCloudEvents=false, useExplainability=false, useProcessSVG=false, useEventDrivenDecisions=false, useEventDrivenRules=false, useProcessSources=false}
2026-07-27 09:46:40.670|INFO||org.kie.kogito.codegen.core.utils.ApplicationGeneratorDiscovery|Generator discovery performed, found [processes, rules, decisions, predictions, usertasks, messaging]
2026-07-27 09:46:40.671|INFO||org.kie.kogito.codegen.core.ApplicationGenerator|Skipping generator 'decisions' because disabled
2026-07-27 09:46:40.671|INFO||org.kie.kogito.codegen.core.ApplicationGenerator|Skipping generator 'predictions' because disabled
2026-07-27 09:46:40.671|INFO||org.kie.kogito.codegen.core.ApplicationGenerator|Skipping generator 'usertasks' because disabled
2026-07-27 09:46:40.672|INFO||org.kie.kogito.codegen.core.ApplicationGenerator|Skipping generator 'messaging' because disabled
2026-07-27 09:46:41.226|INFO||org.kie.kogito.codegen.rules.RuleCodegen|No rule unit is present: generate KieRuntimeBuilder implementation.
2026-07-27 09:46:43.392|WARN||io.quarkus.deployment.steps.ReflectiveHierarchyStep|Unable to properly register the hierarchy of the following classes for reflection as they are not in the Jandex index:
	- org.kie.local.HelloModelOutput (source: SmallRyeOpenApiProcessor > null > org.kie.local.HelloModelOutput)
Consider adding them to the index either by creating a Jandex index for your dependency via the Maven plugin, an empty META-INF/beans.xml or quarkus.index-dependency properties.
2026-07-27 09:46:46.272|WARN||org.kie.kogito.services.registry.ProcessDefinitionEventRegistry|Not source found for process id hello
2026-07-27 09:46:46.406|INFO||io.quarkus|kie-runtime 0.0.0 on JVM (powered by Quarkus 3.27.2) started in 8.666s. Listening on: http://0.0.0.0:8081
2026-07-27 09:46:46.407|INFO||io.quarkus|Profile test activated. 
2026-07-27 09:46:46.407|INFO||io.quarkus|Installed features: [cdi, kogito-decisions, kogito-predictions, kogito-processes, kogito-rules, narayana-jta, resteasy, resteasy-jackson, smallrye-context-propagation, smallrye-fault-tolerance, smallrye-health, smallrye-openapi, swagger-ui, vertx]
2026-07-27 09:46:47.914|INFO|76f89755-66f2-428a-b933-0ee400dad5ba|org.kie.kogito.quarkus.processes.devservices.DevModeWorkflowLogger|Starting workflow 'hello' (76f89755-66f2-428a-b933-0ee400dad5ba)
2026-07-27 09:46:47.939|INFO|76f89755-66f2-428a-b933-0ee400dad5ba|org.kie.kogito.quarkus.processes.devservices.DevModeWorkflowLogger|Triggered node 'Start' for process 'hello' (76f89755-66f2-428a-b933-0ee400dad5ba)
2026-07-27 09:46:47.941|INFO|76f89755-66f2-428a-b933-0ee400dad5ba|org.kie.kogito.quarkus.processes.devservices.DevModeWorkflowLogger|Triggered node 'Log greeting' for process 'hello' (76f89755-66f2-428a-b933-0ee400dad5ba)
Hello from the KIE local runtime
2026-07-27 09:46:47.944|INFO|76f89755-66f2-428a-b933-0ee400dad5ba|org.kie.kogito.quarkus.processes.devservices.DevModeWorkflowLogger|Triggered node 'End' for process 'hello' (76f89755-66f2-428a-b933-0ee400dad5ba)
2026-07-27 09:46:47.948|INFO|76f89755-66f2-428a-b933-0ee400dad5ba|org.kie.kogito.quarkus.processes.devservices.DevModeWorkflowLogger|Workflow 'hello' (76f89755-66f2-428a-b933-0ee400dad5ba) completed
]]></system-out>
  </testcase>
  <testcase name="healthEndpointIsAvailable" classname="org.kie.local.KieRuntimeTest" time="0.096"/>
</testsuite>